#
# There is insufficient memory for the Java Runtime Environment to continue.
# Native memory allocation (malloc) failed to allocate 467696 bytes for Chunk::new
# Possible reasons:
#   The system is out of physical RAM or swap space
#   In 32 bit mode, the process size limit was hit
# Possible solutions:
#   Reduce memory load on the system
#   Increase physical memory or swap space
#   Check if swap backing store is full
#   Use 64 bit Java on a 64 bit OS
#   Decrease Java heap size (-Xmx/-Xms)
#   Decrease number of Java threads
#   Decrease Java thread stack sizes (-Xss)
#   Set larger code cache with -XX:ReservedCodeCacheSize=
# This output file may be truncated or incomplete.
#
#  Out of Memory Error (allocation.cpp:390), pid=11256, tid=0x00000000000001d0
#
# JRE version: Java(TM) SE Runtime Environment (8.0_161-b12) (build 1.8.0_161-b12)
# Java VM: Java HotSpot(TM) 64-Bit Server VM (25.161-b12 mixed mode windows-amd64 compressed oops)
# Failed to write core dump. Minidumps are not enabled by default on client versions of Windows
#

---------------  T H R E A D  ---------------

Current thread (0x0000000016fea000):  JavaThread "C2 CompilerThread1" daemon [_thread_in_native, id=464, stack(0x0000000017580000,0x0000000017680000)]

Stack: [0x0000000017580000,0x0000000017680000]
[error occurred during error reporting (printing stack bounds), id 0xc0000005]

Native frames: (J=compiled Java code, j=interpreted, Vv=VM code, C=native code)


Current CompileTask:
C2:  81444 4177       4       org.eclipse.aether.util.graph.transformer.ConflictResolver::gatherConflictItems (111 bytes)


---------------  P R O C E S S  ---------------

Java Threads: ( => current thread )
  0x0000000017045000 JavaThread "Service Thread" daemon [_thread_blocked, id=8672, stack(0x0000000017780000,0x0000000017880000)]
  0x0000000016feb800 JavaThread "C1 CompilerThread2" daemon [_thread_blocked, id=7628, stack(0x0000000017680000,0x0000000017780000)]
=>0x0000000016fea000 JavaThread "C2 CompilerThread1" daemon [_thread_in_native, id=464, stack(0x0000000017580000,0x0000000017680000)]
  0x0000000016fe7000 JavaThread "C2 CompilerThread0" daemon [_thread_blocked, id=9688, stack(0x0000000017480000,0x0000000017580000)]
  0x0000000016f81000 JavaThread "Monitor Ctrl-Break" daemon [_thread_in_native, id=13924, stack(0x0000000017380000,0x0000000017480000)]
  0x00000000158ff000 JavaThread "Attach Listener" daemon [_thread_blocked, id=2848, stack(0x0000000016e80000,0x0000000016f80000)]
  0x00000000158fd800 JavaThread "Signal Dispatcher" daemon [_thread_blocked, id=1988, stack(0x0000000016d80000,0x0000000016e80000)]
  0x00000000158ea000 JavaThread "Finalizer" daemon [_thread_blocked, id=9496, stack(0x0000000016b80000,0x0000000016c80000)]
  0x00000000158c8800 JavaThread "Reference Handler" daemon [_thread_blocked, id=3344, stack(0x0000000016a80000,0x0000000016b80000)]
  0x0000000003232800 JavaThread "main" [_thread_in_native, id=13576, stack(0x0000000002f30000,0x0000000003030000)]

Other Threads:
  0x00000000158c7800 VMThread [stack: 0x0000000016980000,0x0000000016a80000] [id=2124]
  0x000000001595e800 WatcherThread [stack: 0x0000000017880000,0x0000000017980000] [id=4908]

VM state:not at safepoint (normal execution)

VM Mutex/Monitor currently owned by a thread: None

Heap:
 PSYoungGen      total 21504K, used 10226K [0x00000000eb400000, 0x00000000ecf80000, 0x0000000100000000)
  eden space 14848K, 47% used [0x00000000eb400000,0x00000000ebaed350,0x00000000ec280000)
  from space 6656K, 47% used [0x00000000ec280000,0x00000000ec58f780,0x00000000ec900000)
  to   space 6656K, 0% used [0x00000000ec900000,0x00000000ec900000,0x00000000ecf80000)
 ParOldGen       total 28160K, used 15391K [0x00000000c1c00000, 0x00000000c3780000, 0x00000000eb400000)
  object space 28160K, 54% used [0x00000000c1c00000,0x00000000c2b07f80,0x00000000c3780000)
 Metaspace       used 23925K, capacity 24394K, committed 24832K, reserved 1071104K
  class space    used 2795K, capacity 2945K, committed 3072K, reserved 1048576K

Card table byte_map: [0x00000000126f0000,0x00000000128f0000] byte_map_base: 0x00000000120e2000

Marking Bits: (ParMarkBitMap*) 0x000000006a85f860
 Begin Bits: [0x0000000012e40000, 0x0000000013dd0000)
 End Bits:   [0x0000000013dd0000, 0x0000000014d60000)

Polling page: 0x00000000018a0000

CodeCache: size=245760Kb used=12849Kb max_used=12856Kb free=232910Kb
 bounds [0x0000000003330000, 0x0000000003fd0000, 0x0000000012330000]
 total_blobs=4246 nmethods=3818 adapters=340
 compilation: enabled

Compilation events (10 events):
Event: 81.365 Thread 0x0000000016feb800 4188       3       org.eclipse.aether.graph.DefaultDependencyNode::accept (63 bytes)
Event: 81.366 Thread 0x0000000016feb800 nmethod 4188 0x0000000003fc46d0 code [0x0000000003fc48c0, 0x0000000003fc5098]
Event: 81.366 Thread 0x0000000016feb800 4190       3       org.apache.maven.artifact.DefaultArtifact::getId (30 bytes)
Event: 81.366 Thread 0x0000000016feb800 nmethod 4190 0x0000000003fc3790 code [0x0000000003fc39a0, 0x0000000003fc4358]
Event: 81.366 Thread 0x0000000016feb800 4191       1       org.apache.maven.artifact.DefaultArtifact::getVersion (5 bytes)
Event: 81.367 Thread 0x0000000016feb800 nmethod 4191 0x0000000003fc34d0 code [0x0000000003fc3620, 0x0000000003fc3730]
Event: 81.367 Thread 0x0000000016feb800 4192       1       org.apache.maven.artifact.DefaultArtifact::getClassifier (5 bytes)
Event: 81.367 Thread 0x0000000016feb800 nmethod 4192 0x0000000003fc8650 code [0x0000000003fc87a0, 0x0000000003fc88b0]
Event: 81.367 Thread 0x0000000016feb800 4189       1       org.eclipse.aether.util.graph.visitor.PreorderNodeListGenerator::visitLeave (2 bytes)
Event: 81.367 Thread 0x0000000016feb800 nmethod 4189 0x0000000003fc8390 code [0x0000000003fc84e0, 0x0000000003fc85f0]

GC Heap History (10 events):
Event: 67.201 GC heap before
{Heap before GC invocations=14 (full 1):
 PSYoungGen      total 22016K, used 504K [0x00000000eb400000, 0x00000000ecf80000, 0x0000000100000000)
  eden space 15872K, 0% used [0x00000000eb400000,0x00000000eb400000,0x00000000ec380000)
  from space 6144K, 8% used [0x00000000ec380000,0x00000000ec3fe198,0x00000000ec980000)
  to   space 6144K, 0% used [0x00000000ec980000,0x00000000ec980000,0x00000000ecf80000)
 ParOldGen       total 44032K, used 14631K [0x00000000c1c00000, 0x00000000c4700000, 0x00000000eb400000)
  object space 44032K, 33% used [0x00000000c1c00000,0x00000000c2a49f38,0x00000000c4700000)
 Metaspace       used 20653K, capacity 21096K, committed 21296K, reserved 1069056K
  class space    used 2506K, capacity 2641K, committed 2688K, reserved 1048576K
Event: 67.679 GC heap after
Heap after GC invocations=14 (full 1):
 PSYoungGen      total 22016K, used 0K [0x00000000eb400000, 0x00000000ecf80000, 0x0000000100000000)
  eden space 15872K, 0% used [0x00000000eb400000,0x00000000eb400000,0x00000000ec380000)
  from space 6144K, 0% used [0x00000000ec380000,0x00000000ec380000,0x00000000ec980000)
  to   space 6144K, 0% used [0x00000000ec980000,0x00000000ec980000,0x00000000ecf80000)
 ParOldGen       total 28160K, used 9213K [0x00000000c1c00000, 0x00000000c3780000, 0x00000000eb400000)
  object space 28160K, 32% used [0x00000000c1c00000,0x00000000c24ff418,0x00000000c3780000)
 Metaspace       used 20653K, capacity 21096K, committed 21296K, reserved 1069056K
  class space    used 2506K, capacity 2641K, committed 2688K, reserved 1048576K
}
Event: 74.534 GC heap before
{Heap before GC invocations=15 (full 1):
 PSYoungGen      total 22016K, used 15872K [0x00000000eb400000, 0x00000000ecf80000, 0x0000000100000000)
  eden space 15872K, 100% used [0x00000000eb400000,0x00000000ec380000,0x00000000ec380000)
  from space 6144K, 0% used [0x00000000ec380000,0x00000000ec380000,0x00000000ec980000)
  to   space 6144K, 0% used [0x00000000ec980000,0x00000000ec980000,0x00000000ecf80000)
 ParOldGen       total 28160K, used 9213K [0x00000000c1c00000, 0x00000000c3780000, 0x00000000eb400000)
  object space 28160K, 32% used [0x00000000c1c00000,0x00000000c24ff418,0x00000000c3780000)
 Metaspace       used 21659K, capacity 22120K, committed 22448K, reserved 1069056K
  class space    used 2598K, capacity 2705K, committed 2816K, reserved 1048576K
Event: 74.542 GC heap after
Heap after GC invocations=15 (full 1):
 PSYoungGen      total 20992K, used 6135K [0x00000000eb400000, 0x00000000ed180000, 0x0000000100000000)
  eden space 14848K, 0% used [0x00000000eb400000,0x00000000eb400000,0x00000000ec280000)
  from space 6144K, 99% used [0x00000000ec980000,0x00000000ecf7de50,0x00000000ecf80000)
  to   space 7168K, 0% used [0x00000000ec280000,0x00000000ec280000,0x00000000ec980000)
 ParOldGen       total 28160K, used 9452K [0x00000000c1c00000, 0x00000000c3780000, 0x00000000eb400000)
  object space 28160K, 33% used [0x00000000c1c00000,0x00000000c253b120,0x00000000c3780000)
 Metaspace       used 21659K, capacity 22120K, committed 22448K, reserved 1069056K
  class space    used 2598K, capacity 2705K, committed 2816K, reserved 1048576K
}
Event: 77.695 GC heap before
{Heap before GC invocations=16 (full 1):
 PSYoungGen      total 20992K, used 20983K [0x00000000eb400000, 0x00000000ed180000, 0x0000000100000000)
  eden space 14848K, 100% used [0x00000000eb400000,0x00000000ec280000,0x00000000ec280000)
  from space 6144K, 99% used [0x00000000ec980000,0x00000000ecf7de50,0x00000000ecf80000)
  to   space 7168K, 0% used [0x00000000ec280000,0x00000000ec280000,0x00000000ec980000)
 ParOldGen       total 28160K, used 9452K [0x00000000c1c00000, 0x00000000c3780000, 0x00000000eb400000)
  object space 28160K, 33% used [0x00000000c1c00000,0x00000000c253b120,0x00000000c3780000)
 Metaspace       used 22923K, capacity 23432K, committed 23680K, reserved 1071104K
  class space    used 2714K, capacity 2865K, committed 2944K, reserved 1048576K
Event: 77.709 GC heap after
Heap after GC invocations=16 (full 1):
 PSYoungGen      total 22016K, used 1751K [0x00000000eb400000, 0x00000000ed080000, 0x0000000100000000)
  eden space 14848K, 0% used [0x00000000eb400000,0x00000000eb400000,0x00000000ec280000)
  from space 7168K, 24% used [0x00000000ec280000,0x00000000ec435e40,0x00000000ec980000)
  to   space 7168K, 0% used [0x00000000ec980000,0x00000000ec980000,0x00000000ed080000)
 ParOldGen       total 28160K, used 15375K [0x00000000c1c00000, 0x00000000c3780000, 0x00000000eb400000)
  object space 28160K, 54% used [0x00000000c1c00000,0x00000000c2b03f80,0x00000000c3780000)
 Metaspace       used 22923K, capacity 23432K, committed 23680K, reserved 1071104K
  class space    used 2714K, capacity 2865K, committed 2944K, reserved 1048576K
}
Event: 79.731 GC heap before
{Heap before GC invocations=17 (full 1):
 PSYoungGen      total 22016K, used 16599K [0x00000000eb400000, 0x00000000ed080000, 0x0000000100000000)
  eden space 14848K, 100% used [0x00000000eb400000,0x00000000ec280000,0x00000000ec280000)
  from space 7168K, 24% used [0x00000000ec280000,0x00000000ec435e40,0x00000000ec980000)
  to   space 7168K, 0% used [0x00000000ec980000,0x00000000ec980000,0x00000000ed080000)
 ParOldGen       total 28160K, used 15375K [0x00000000c1c00000, 0x00000000c3780000, 0x00000000eb400000)
  object space 28160K, 54% used [0x00000000c1c00000,0x00000000c2b03f80,0x00000000c3780000)
 Metaspace       used 23292K, capacity 23802K, committed 23936K, reserved 1071104K
  class space    used 2746K, capacity 2899K, committed 2944K, reserved 1048576K
Event: 79.735 GC heap after
Heap after GC invocations=17 (full 1):
 PSYoungGen      total 20992K, used 2616K [0x00000000eb400000, 0x00000000ecf80000, 0x0000000100000000)
  eden space 14848K, 0% used [0x00000000eb400000,0x00000000eb400000,0x00000000ec280000)
  from space 6144K, 42% used [0x00000000ec980000,0x00000000ecc0e3c8,0x00000000ecf80000)
  to   space 6656K, 0% used [0x00000000ec280000,0x00000000ec280000,0x00000000ec900000)
 ParOldGen       total 28160K, used 15383K [0x00000000c1c00000, 0x00000000c3780000, 0x00000000eb400000)
  object space 28160K, 54% used [0x00000000c1c00000,0x00000000c2b05f80,0x00000000c3780000)
 Metaspace       used 23292K, capacity 23802K, committed 23936K, reserved 1071104K
  class space    used 2746K, capacity 2899K, committed 2944K, reserved 1048576K
}
Event: 80.926 GC heap before
{Heap before GC invocations=18 (full 1):
 PSYoungGen      total 20992K, used 17464K [0x00000000eb400000, 0x00000000ecf80000, 0x0000000100000000)
  eden space 14848K, 100% used [0x00000000eb400000,0x00000000ec280000,0x00000000ec280000)
  from space 6144K, 42% used [0x00000000ec980000,0x00000000ecc0e3c8,0x00000000ecf80000)
  to   space 6656K, 0% used [0x00000000ec280000,0x00000000ec280000,0x00000000ec900000)
 ParOldGen       total 28160K, used 15383K [0x00000000c1c00000, 0x00000000c3780000, 0x00000000eb400000)
  object space 28160K, 54% used [0x00000000c1c00000,0x00000000c2b05f80,0x00000000c3780000)
 Metaspace       used 23845K, capacity 24318K, committed 24448K, reserved 1071104K
  class space    used 2788K, capacity 2937K, committed 2944K, reserved 1048576K
Event: 80.930 GC heap after
Heap after GC invocations=18 (full 1):
 PSYoungGen      total 21504K, used 3133K [0x00000000eb400000, 0x00000000ecf80000, 0x0000000100000000)
  eden space 14848K, 0% used [0x00000000eb400000,0x00000000eb400000,0x00000000ec280000)
  from space 6656K, 47% used [0x00000000ec280000,0x00000000ec58f780,0x00000000ec900000)
  to   space 6656K, 0% used [0x00000000ec900000,0x00000000ec900000,0x00000000ecf80000)
 ParOldGen       total 28160K, used 15391K [0x00000000c1c00000, 0x00000000c3780000, 0x00000000eb400000)
  object space 28160K, 54% used [0x00000000c1c00000,0x00000000c2b07f80,0x00000000c3780000)
 Metaspace       used 23845K, capacity 24318K, committed 24448K, reserved 1071104K
  class space    used 2788K, capacity 2937K, committed 2944K, reserved 1048576K
}

Deoptimization events (10 events):
Event: 78.924 Thread 0x0000000003232800 Uncommon trap: reason=unstable_if action=reinterpret pc=0x0000000003ed5e30 method=org.apache.maven.model.merge.ModelMerger.mergeConfigurationContainer_Configuration(Lorg/apache/maven/model/ConfigurationContainer;Lorg/apache/maven/model/ConfigurationContai
Event: 79.791 Thread 0x0000000003232800 Uncommon trap: reason=unstable_if action=reinterpret pc=0x000000000388f3a0 method=com.google.inject.internal.MoreTypes.canonicalize(Ljava/lang/reflect/Type;)Ljava/lang/reflect/Type; @ 16
Event: 79.791 Thread 0x0000000003232800 Uncommon trap: reason=class_check action=maybe_recompile pc=0x000000000384abec method=com.google.inject.internal.MoreTypes.getRawType(Ljava/lang/reflect/Type;)Ljava/lang/Class; @ 13
Event: 79.792 Thread 0x0000000003232800 Uncommon trap: reason=unstable_if action=reinterpret pc=0x000000000384f18c method=com.google.inject.internal.MoreTypes.canonicalize(Ljava/lang/reflect/Type;)Ljava/lang/reflect/Type; @ 16
Event: 79.792 Thread 0x0000000003232800 Uncommon trap: reason=class_check action=maybe_recompile pc=0x000000000384abec method=com.google.inject.internal.MoreTypes.getRawType(Ljava/lang/reflect/Type;)Ljava/lang/Class; @ 13
Event: 79.792 Thread 0x0000000003232800 Uncommon trap: reason=class_check action=maybe_recompile pc=0x000000000384abec method=com.google.inject.internal.MoreTypes.getRawType(Ljava/lang/reflect/Type;)Ljava/lang/Class; @ 13
Event: 79.801 Thread 0x0000000003232800 Uncommon trap: reason=class_check action=maybe_recompile pc=0x000000000384abec method=com.google.inject.internal.MoreTypes.getRawType(Ljava/lang/reflect/Type;)Ljava/lang/Class; @ 13
Event: 79.949 Thread 0x0000000003232800 Uncommon trap: reason=unstable_if action=reinterpret pc=0x00000000039b111c method=java.util.LinkedHashMap.afterNodeInsertion(Z)V @ 18
Event: 80.465 Thread 0x0000000003232800 Uncommon trap: reason=unstable_if action=reinterpret pc=0x0000000003b08904 method=org.codehaus.plexus.util.xml.pull.MXParser.parseAttribute()C @ 1002
Event: 80.818 Thread 0x0000000003232800 Uncommon trap: reason=unstable_if action=reinterpret pc=0x000000000370f4a8 method=java.lang.String.regionMatches(ZILjava/lang/String;II)Z @ 25

Classes redefined (0 events):
No events

Internal exceptions (10 events):
Event: 23.492 Thread 0x0000000003232800 Exception <a 'java/lang/NoClassDefFoundError'> (0x00000000ebc90020) thrown at [C:\re\workspace\8-2-build-windows-amd64-cygwin\jdk8u161\10277\hotspot\src\share\vm\prims\jvm.cpp, line 1394]
Event: 23.492 Thread 0x0000000003232800 Exception <a 'java/lang/NoClassDefFoundError': javax/annotation/Priority> (0x00000000ebc95650) thrown at [C:\re\workspace\8-2-build-windows-amd64-cygwin\jdk8u161\10277\hotspot\src\share\vm\classfile\systemDictionary.cpp, line 199]
Event: 23.928 Thread 0x0000000003232800 Implicit null exception at 0x0000000003449c15 to 0x0000000003449dd9
Event: 29.086 Thread 0x0000000003232800 Implicit null exception at 0x000000000371f695 to 0x000000000371f86d
Event: 29.086 Thread 0x0000000003232800 Implicit null exception at 0x00000000036f426f to 0x00000000036f42d9
Event: 29.453 Thread 0x0000000003232800 Implicit null exception at 0x00000000039a29b7 to 0x00000000039a2c01
Event: 43.337 Thread 0x0000000003232800 Exception <a 'java/lang/ClassNotFoundException': com/sun/tools/javac/api/JavacTool> (0x00000000ebbe94f0) thrown at [C:\re\workspace\8-2-build-windows-amd64-cygwin\jdk8u161\10277\hotspot\src\share\vm\classfile\systemDictionary.cpp, line 210]
Event: 71.775 Thread 0x0000000003232800 Exception <a 'java/io/FileNotFoundException'> (0x00000000ebc25f78) thrown at [C:\re\workspace\8-2-build-windows-amd64-cygwin\jdk8u161\10277\hotspot\src\share\vm\prims\jni.cpp, line 709]
Event: 74.367 Thread 0x0000000003232800 Exception <a 'java/io/FileNotFoundException'> (0x00000000ebc7e160) thrown at [C:\re\workspace\8-2-build-windows-amd64-cygwin\jdk8u161\10277\hotspot\src\share\vm\prims\jni.cpp, line 709]
Event: 79.845 Thread 0x0000000003232800 Exception <a 'java/lang/NoSuchMethodError': org.apache.maven.execution.MavenExecutionRequest.getFailureBehavior()Ljava/lang/String;> (0x00000000eb7a4220) thrown at [C:\re\workspace\8-2-build-windows-amd64-cygwin\jdk8u161\10277\hotspot\src\share\vm\interpr

Events (10 events):
Event: 80.758 Thread 0x0000000003232800 DEOPT UNPACKING pc=0x0000000003377890 sp=0x000000000302c4c8 mode 0
Event: 80.758 Thread 0x0000000003232800 DEOPT PACKING pc=0x000000000360c53c sp=0x000000000302c6f0
Event: 80.758 Thread 0x0000000003232800 DEOPT UNPACKING pc=0x0000000003377890 sp=0x000000000302c508 mode 0
Event: 80.758 Thread 0x0000000003232800 DEOPT PACKING pc=0x000000000360c53c sp=0x000000000302c910
Event: 80.758 Thread 0x0000000003232800 DEOPT UNPACKING pc=0x0000000003377890 sp=0x000000000302c728 mode 0
Event: 80.818 Thread 0x0000000003232800 Uncommon trap: trap_request=0xffffff65 fr.pc=0x000000000370f4a8
Event: 80.818 Thread 0x0000000003232800 DEOPT PACKING pc=0x000000000370f4a8 sp=0x000000000302cfc0
Event: 80.818 Thread 0x0000000003232800 DEOPT UNPACKING pc=0x000000000337583b sp=0x000000000302cf48 mode 2
Event: 80.926 Executing VM operation: ParallelGCFailedAllocation
Event: 80.930 Executing VM operation: ParallelGCFailedAllocation done


Dynamic libraries:
0x00007ff7027f0000 - 0x00007ff702827000 	C:\Program Files\Java\jdk1.8.0_161\bin\java.exe
0x00007ffc42300000 - 0x00007ffc424f0000 	C:\WINDOWS\SYSTEM32\ntdll.dll
0x00007ffc41450000 - 0x00007ffc41502000 	C:\WINDOWS\System32\KERNEL32.DLL
0x00007ffc3fbe0000 - 0x00007ffc3fe83000 	C:\WINDOWS\System32\KERNELBASE.dll
0x00007ffc40570000 - 0x00007ffc40613000 	C:\WINDOWS\System32\ADVAPI32.dll
0x00007ffc40620000 - 0x00007ffc406be000 	C:\WINDOWS\System32\msvcrt.dll
0x00007ffc403b0000 - 0x00007ffc40447000 	C:\WINDOWS\System32\sechost.dll
0x00007ffc40450000 - 0x00007ffc40570000 	C:\WINDOWS\System32\RPCRT4.dll
0x00007ffc41cf0000 - 0x00007ffc41e84000 	C:\WINDOWS\System32\USER32.dll
0x00007ffc40380000 - 0x00007ffc403a1000 	C:\WINDOWS\System32\win32u.dll
0x00007ffc41f60000 - 0x00007ffc41f86000 	C:\WINDOWS\System32\GDI32.dll
0x00007ffc3ff90000 - 0x00007ffc40124000 	C:\WINDOWS\System32\gdi32full.dll
0x00007ffc3f290000 - 0x00007ffc3f32e000 	C:\WINDOWS\System32\msvcp_win.dll
0x00007ffc3fe90000 - 0x00007ffc3ff8a000 	C:\WINDOWS\System32\ucrtbase.dll
0x00007ffc2dbe0000 - 0x00007ffc2de65000 	C:\WINDOWS\WinSxS\amd64_microsoft.windows.common-controls_6595b64144ccf1df_6.0.18362.657_none_e6c5b579130e3898\COMCTL32.dll
0x00007ffc41900000 - 0x00007ffc41c36000 	C:\WINDOWS\System32\combase.dll
0x00007ffc3f380000 - 0x00007ffc3f400000 	C:\WINDOWS\System32\bcryptPrimitives.dll
0x00007ffc406c0000 - 0x00007ffc406ee000 	C:\WINDOWS\System32\IMM32.DLL
0x000000006a8e0000 - 0x000000006a9b2000 	C:\Program Files\Java\jdk1.8.0_161\jre\bin\msvcr100.dll
0x000000006a040000 - 0x000000006a8df000 	C:\Program Files\Java\jdk1.8.0_161\jre\bin\server\jvm.dll
0x00007ffc41f90000 - 0x00007ffc41f98000 	C:\WINDOWS\System32\PSAPI.DLL
0x00007ffc35260000 - 0x00007ffc35284000 	C:\WINDOWS\SYSTEM32\WINMM.dll
0x00007ffc39fc0000 - 0x00007ffc39fca000 	C:\WINDOWS\SYSTEM32\VERSION.dll
0x00007ffc32d10000 - 0x00007ffc32d19000 	C:\WINDOWS\SYSTEM32\WSOCK32.dll
0x00007ffc416e0000 - 0x00007ffc4174f000 	C:\WINDOWS\System32\WS2_32.dll
0x00007ffc35230000 - 0x00007ffc3525d000 	C:\WINDOWS\SYSTEM32\WINMMBASE.dll
0x00007ffc3f330000 - 0x00007ffc3f37a000 	C:\WINDOWS\System32\cfgmgr32.dll
0x000000006bb50000 - 0x000000006bb5f000 	C:\Program Files\Java\jdk1.8.0_161\jre\bin\verify.dll
0x000000006a010000 - 0x000000006a039000 	C:\Program Files\Java\jdk1.8.0_161\jre\bin\java.dll
0x0000000069b10000 - 0x0000000069b33000 	C:\Program Files\Java\jdk1.8.0_161\jre\bin\instrument.dll
0x0000000069fb0000 - 0x0000000069fc6000 	C:\Program Files\Java\jdk1.8.0_161\jre\bin\zip.dll
0x00007ffc40750000 - 0x00007ffc40e35000 	C:\WINDOWS\System32\SHELL32.dll
0x00007ffc41c40000 - 0x00007ffc41ce9000 	C:\WINDOWS\System32\shcore.dll
0x00007ffc3f400000 - 0x00007ffc3fb7f000 	C:\WINDOWS\System32\windows.storage.dll
0x00007ffc3f200000 - 0x00007ffc3f21f000 	C:\WINDOWS\System32\profapi.dll
0x00007ffc3f220000 - 0x00007ffc3f26a000 	C:\WINDOWS\System32\powrprof.dll
0x00007ffc3f1d0000 - 0x00007ffc3f1e0000 	C:\WINDOWS\System32\UMPDC.dll
0x00007ffc41520000 - 0x00007ffc41572000 	C:\WINDOWS\System32\shlwapi.dll
0x00007ffc3f1e0000 - 0x00007ffc3f1f1000 	C:\WINDOWS\System32\kernel.appcore.dll
0x00007ffc40160000 - 0x00007ffc40177000 	C:\WINDOWS\System32\cryptsp.dll
0x00007ffc30310000 - 0x00007ffc3032a000 	C:\Program Files\JetBrains\IntelliJ IDEA Community Edition 2019.1.3\bin\breakgen64.dll
0x0000000069f60000 - 0x0000000069f7a000 	C:\Program Files\Java\jdk1.8.0_161\jre\bin\net.dll
0x00007ffc3ea40000 - 0x00007ffc3eaa7000 	C:\WINDOWS\system32\mswsock.dll
0x00007ffc3e5b0000 - 0x00007ffc3e5e3000 	C:\WINDOWS\system32\rsaenh.dll
0x00007ffc40130000 - 0x00007ffc40156000 	C:\WINDOWS\System32\bcrypt.dll
0x00007ffc3f0f0000 - 0x00007ffc3f115000 	C:\WINDOWS\SYSTEM32\USERENV.dll
0x00007ffc3ec10000 - 0x00007ffc3ec1c000 	C:\WINDOWS\SYSTEM32\CRYPTBASE.dll
0x00007ffc3e750000 - 0x00007ffc3e78a000 	C:\WINDOWS\SYSTEM32\IPHLPAPI.DLL
0x00007ffc42020000 - 0x00007ffc42028000 	C:\WINDOWS\System32\NSI.dll
0x00007ffc39e20000 - 0x00007ffc39e36000 	C:\WINDOWS\SYSTEM32\dhcpcsvc6.DLL
0x00007ffc39e00000 - 0x00007ffc39e1c000 	C:\WINDOWS\SYSTEM32\dhcpcsvc.DLL
0x00007ffc3e7e0000 - 0x00007ffc3e8aa000 	C:\WINDOWS\SYSTEM32\DNSAPI.dll
0x0000000069f40000 - 0x0000000069f51000 	C:\Program Files\Java\jdk1.8.0_161\jre\bin\nio.dll
0x00007ffc35930000 - 0x00007ffc3593a000 	C:\Users\Tudor\AppData\Local\Temp\jansi-1.17.1-7759288321842745883.dll
0x00007ffc35140000 - 0x00007ffc3514a000 	C:\Users\Tudor\AppData\Local\Temp\jansi-1.17.1-3279903337599961374.dll
0x000000006bb40000 - 0x000000006bb4d000 	C:\Program Files\Java\jdk1.8.0_161\jre\bin\management.dll
0x00007ffc2c690000 - 0x00007ffc2c6a6000 	C:\WINDOWS\system32\napinsp.dll
0x00007ffc2c670000 - 0x00007ffc2c68a000 	C:\WINDOWS\system32\pnrpnsp.dll
0x00007ffc2c660000 - 0x00007ffc2c66e000 	C:\WINDOWS\System32\winrnr.dll
0x00007ffc39b40000 - 0x00007ffc39b5c000 	C:\WINDOWS\system32\NLAapi.dll
0x00007ffc3a890000 - 0x00007ffc3a8a5000 	C:\WINDOWS\system32\wshbth.dll
0x00007ffc38000000 - 0x00007ffc3800a000 	C:\Windows\System32\rasadhlp.dll
0x00007ffc39a40000 - 0x00007ffc39ab7000 	C:\WINDOWS\System32\fwpuclnt.dll

VM Arguments:
jvm_args: -Dmaven.multiModuleProjectDirectory=C:\Users\Tudor\Desktop\Proiecte\Portofoliu\TripApp with Servlets and Jsp -Dmaven.home=C:\Program Files\JetBrains\IntelliJ IDEA Community Edition 2019.1.3\plugins\maven\lib\maven3 -Dclassworlds.conf=C:\Program Files\JetBrains\IntelliJ IDEA Community Edition 2019.1.3\plugins\maven\lib\maven3\bin\m2.conf -Dmaven.ext.class.path=C:\Program Files\JetBrains\IntelliJ IDEA Community Edition 2019.1.3\plugins\maven\lib\maven-event-listener.jar -javaagent:C:\Program Files\JetBrains\IntelliJ IDEA Community Edition 2019.1.3\lib\idea_rt.jar=60217:C:\Program Files\JetBrains\IntelliJ IDEA Community Edition 2019.1.3\bin -Dfile.encoding=UTF-8 
java_command: org.codehaus.classworlds.Launcher -Didea.version2019.2.4 package
java_class_path (initial): C:\Program Files\JetBrains\IntelliJ IDEA Community Edition 2019.1.3\plugins\maven\lib\maven3\boot\plexus-classworlds-2.6.0.jar;C:\Program Files\JetBrains\IntelliJ IDEA Community Edition 2019.1.3\lib\idea_rt.jar
Launcher Type: SUN_STANDARD

Environment Variables:
JAVA_HOME=C:\Program Files\Java\jdk1.8.0_161
PATH=C:\ProgramData\Oracle\Java\javapath;C:\Program Files (x86)\Common Files\Oracle\Java\javapath;C:\Program Files (x86)\Intel\iCLS Client\;C:\Program Files\Intel\iCLS Client\;C:\WINDOWS\system32;C:\WINDOWS;C:\WINDOWS\System32\Wbem;C:\WINDOWS\System32\WindowsPowerShell\v1.0\;C:\Program Files (x86)\Intel\Intel(R) Management Engine Components\DAL;C:\Program Files\Intel\Intel(R) Management Engine Components\DAL;C:\Program Files (x86)\Intel\Intel(R) Management Engine Components\IPT;C:\Program Files\Intel\Intel(R) Management Engine Components\IPT;C:\WINDOWS\System32\OpenSSH\;C:\Program Files\Geth;C:\Program Files\nodejs\;C:\Program Files\Java\jdk1.8.0_161\bin;C:\Program Files\Git\cmd;C:\Users\Tudor\AppData\Local\Microsoft\WindowsApps;D:\Programare Blockchain\VisualStudioCode\bin;C:\Users\Tudor\AppData\Roaming\npm;
USERNAME=Tudor
OS=Windows_NT
PROCESSOR_IDENTIFIER=Intel64 Family 6 Model 78 Stepping 3, GenuineIntel



---------------  S Y S T E M  ---------------

OS: Windows 10.0 , 64 bit Build 18362 (10.0.18362.329)

CPU:total 4 (initial active 4) (2 cores per cpu, 2 threads per core) family 6 model 78 stepping 3, cmov, cx8, fxsr, mmx, sse, sse2, sse3, ssse3, sse4.1, sse4.2, popcnt, avx, avx2, aes, clmul, erms, 3dnowpref, lzcnt, ht, tsc, tscinvbit, bmi1, bmi2, adx

Memory: 4k page, physical 4072876k(310512k free), swap 10364332k(2244k free)

vm_info: Java HotSpot(TM) 64-Bit Server VM (25.161-b12) for windows-amd64 JRE (1.8.0_161-b12), built on Dec 19 2017 17:52:25 by "java_re" with MS VC++ 10.0 (VS2010)

time: Tue Mar 03 19:59:10 2020
elapsed time: 81 seconds (0d 0h 1m 21s)

