#
# There is insufficient memory for the Java Runtime Environment to continue.
# Native memory allocation (malloc) failed to allocate 1237376 bytes for Chunk::new
# Possible reasons:
#   The system is out of physical RAM or swap space
#   In 32 bit mode, the process size limit was hit
# Possible solutions:
#   Reduce memory load on the system
#   Increase physical memory or swap space
#   Check if swap backing store is full
#   Use 64 bit Java on a 64 bit OS
#   Decrease Java heap size (-Xmx/-Xms)
#   Decrease number of Java threads
#   Decrease Java thread stack sizes (-Xss)
#   Set larger code cache with -XX:ReservedCodeCacheSize=
# This output file may be truncated or incomplete.
#
#  Out of Memory Error (allocation.cpp:390), pid=11868, tid=0x0000000000003744
#
# JRE version: Java(TM) SE Runtime Environment (8.0_161-b12) (build 1.8.0_161-b12)
# Java VM: Java HotSpot(TM) 64-Bit Server VM (25.161-b12 mixed mode windows-amd64 compressed oops)
# Failed to write core dump. Minidumps are not enabled by default on client versions of Windows
#

---------------  T H R E A D  ---------------

Current thread (0x0000000016389800):  JavaThread "C2 CompilerThread1" daemon [_thread_in_native, id=14148, stack(0x0000000016920000,0x0000000016a20000)]

Stack: [0x0000000016920000,0x0000000016a20000]
[error occurred during error reporting (printing stack bounds), id 0xc0000005]

Native frames: (J=compiled Java code, j=interpreted, Vv=VM code, C=native code)


Current CompileTask:
C2:   3200 1502       4       java.net.URLClassLoader$1::run (5 bytes)


---------------  P R O C E S S  ---------------

Java Threads: ( => current thread )
  0x0000000014d18000 JavaThread "Service Thread" daemon [_thread_blocked, id=11448, stack(0x0000000016b20000,0x0000000016c20000)]
  0x000000001638b000 JavaThread "C1 CompilerThread2" daemon [_thread_blocked, id=10008, stack(0x0000000016a20000,0x0000000016b20000)]
=>0x0000000016389800 JavaThread "C2 CompilerThread1" daemon [_thread_in_native, id=14148, stack(0x0000000016920000,0x0000000016a20000)]
  0x0000000016386000 JavaThread "C2 CompilerThread0" daemon [_thread_in_native, id=14064, stack(0x0000000016820000,0x0000000016920000)]
  0x0000000016384800 JavaThread "Monitor Ctrl-Break" daemon [_thread_in_native, id=2248, stack(0x0000000016720000,0x0000000016820000)]
  0x0000000014cbb800 JavaThread "Attach Listener" daemon [_thread_blocked, id=11388, stack(0x0000000016220000,0x0000000016320000)]
  0x0000000014cba000 JavaThread "Signal Dispatcher" daemon [_thread_blocked, id=14200, stack(0x0000000016120000,0x0000000016220000)]
  0x0000000014caa800 JavaThread "Finalizer" daemon [_thread_blocked, id=13392, stack(0x0000000015f20000,0x0000000016020000)]
  0x0000000014c89000 JavaThread "Reference Handler" daemon [_thread_blocked, id=9444, stack(0x0000000015e20000,0x0000000015f20000)]
  0x00000000025f2800 JavaThread "main" [_thread_in_native, id=11680, stack(0x0000000002290000,0x0000000002390000)]

Other Threads:
  0x0000000014c88000 VMThread [stack: 0x0000000015d20000,0x0000000015e20000] [id=3524]
  0x0000000014d1e000 WatcherThread [stack: 0x0000000016c20000,0x0000000016d20000] [id=5208]

VM state:not at safepoint (normal execution)

VM Mutex/Monitor currently owned by a thread: None

Heap:
 PSYoungGen      total 18944K, used 17278K [0x00000000eb400000, 0x00000000ec900000, 0x0000000100000000)
  eden space 16384K, 89% used [0x00000000eb400000,0x00000000ec2639e0,0x00000000ec400000)
  from space 2560K, 99% used [0x00000000ec400000,0x00000000ec67c010,0x00000000ec680000)
  to   space 2560K, 0% used [0x00000000ec680000,0x00000000ec680000,0x00000000ec900000)
 ParOldGen       total 44032K, used 6330K [0x00000000c1c00000, 0x00000000c4700000, 0x00000000eb400000)
  object space 44032K, 14% used [0x00000000c1c00000,0x00000000c222eba0,0x00000000c4700000)
 Metaspace       used 14032K, capacity 14264K, committed 14464K, reserved 1062912K
  class space    used 1745K, capacity 1841K, committed 1920K, reserved 1048576K

Card table byte_map: [0x0000000011ab0000,0x0000000011cb0000] byte_map_base: 0x00000000114a2000

Marking Bits: (ParMarkBitMap*) 0x000000006a85f860
 Begin Bits: [0x0000000012200000, 0x0000000013190000)
 End Bits:   [0x0000000013190000, 0x0000000014120000)

Polling page: 0x0000000000aa0000

CodeCache: size=245760Kb used=5406Kb max_used=5406Kb free=240354Kb
 bounds [0x00000000026f0000, 0x0000000002c40000, 0x00000000116f0000]
 total_blobs=1900 nmethods=1549 adapters=263
 compilation: enabled

Compilation events (10 events):
Event: 3.190 Thread 0x000000001638b000 1553       3       java.io.OutputStreamWriter::write (11 bytes)
Event: 3.190 Thread 0x000000001638b000 nmethod 1553 0x0000000002c36e50 code [0x0000000002c36fc0, 0x0000000002c37168]
Event: 3.190 Thread 0x000000001638b000 1554   !   3       sun.nio.cs.StreamEncoder::write (78 bytes)
Event: 3.191 Thread 0x000000001638b000 nmethod 1554 0x0000000002c37250 code [0x0000000002c37420, 0x0000000002c37b28]
Event: 3.191 Thread 0x000000001638b000 1555       3       sun.nio.cs.StreamEncoder::ensureOpen (18 bytes)
Event: 3.191 Thread 0x000000001638b000 nmethod 1555 0x0000000002c37f50 code [0x0000000002c380c0, 0x0000000002c38308]
Event: 3.191 Thread 0x000000001638b000 1556       3       sun.nio.cs.StreamEncoder::implWrite (156 bytes)
Event: 3.193 Thread 0x000000001638b000 nmethod 1556 0x0000000002c383d0 code [0x0000000002c38640, 0x0000000002c394c8]
Event: 3.193 Thread 0x000000001638b000 1557   !   3       java.nio.charset.CharsetEncoder::encode (285 bytes)
Event: 3.195 Thread 0x000000001638b000 nmethod 1557 0x0000000002c39d10 code [0x0000000002c39fe0, 0x0000000002c3b5d8]

GC Heap History (10 events):
Event: 1.171 GC heap before
{Heap before GC invocations=1 (full 0):
 PSYoungGen      total 18944K, used 16384K [0x00000000eb400000, 0x00000000ec900000, 0x0000000100000000)
  eden space 16384K, 100% used [0x00000000eb400000,0x00000000ec400000,0x00000000ec400000)
  from space 2560K, 0% used [0x00000000ec680000,0x00000000ec680000,0x00000000ec900000)
  to   space 2560K, 0% used [0x00000000ec400000,0x00000000ec400000,0x00000000ec680000)
 ParOldGen       total 44032K, used 0K [0x00000000c1c00000, 0x00000000c4700000, 0x00000000eb400000)
  object space 44032K, 0% used [0x00000000c1c00000,0x00000000c1c00000,0x00000000c4700000)
 Metaspace       used 6776K, capacity 6940K, committed 7040K, reserved 1056768K
  class space    used 755K, capacity 824K, committed 896K, reserved 1048576K
Event: 1.177 GC heap after
Heap after GC invocations=1 (full 0):
 PSYoungGen      total 18944K, used 2538K [0x00000000eb400000, 0x00000000ec900000, 0x0000000100000000)
  eden space 16384K, 0% used [0x00000000eb400000,0x00000000eb400000,0x00000000ec400000)
  from space 2560K, 99% used [0x00000000ec400000,0x00000000ec67aa50,0x00000000ec680000)
  to   space 2560K, 0% used [0x00000000ec680000,0x00000000ec680000,0x00000000ec900000)
 ParOldGen       total 44032K, used 353K [0x00000000c1c00000, 0x00000000c4700000, 0x00000000eb400000)
  object space 44032K, 0% used [0x00000000c1c00000,0x00000000c1c58508,0x00000000c4700000)
 Metaspace       used 6776K, capacity 6940K, committed 7040K, reserved 1056768K
  class space    used 755K, capacity 824K, committed 896K, reserved 1048576K
}
Event: 1.639 GC heap before
{Heap before GC invocations=2 (full 0):
 PSYoungGen      total 18944K, used 18922K [0x00000000eb400000, 0x00000000ec900000, 0x0000000100000000)
  eden space 16384K, 100% used [0x00000000eb400000,0x00000000ec400000,0x00000000ec400000)
  from space 2560K, 99% used [0x00000000ec400000,0x00000000ec67aa50,0x00000000ec680000)
  to   space 2560K, 0% used [0x00000000ec680000,0x00000000ec680000,0x00000000ec900000)
 ParOldGen       total 44032K, used 353K [0x00000000c1c00000, 0x00000000c4700000, 0x00000000eb400000)
  object space 44032K, 0% used [0x00000000c1c00000,0x00000000c1c58508,0x00000000c4700000)
 Metaspace       used 8693K, capacity 8828K, committed 9088K, reserved 1056768K
  class space    used 1041K, capacity 1112K, committed 1152K, reserved 1048576K
Event: 1.646 GC heap after
Heap after GC invocations=2 (full 0):
 PSYoungGen      total 18944K, used 2541K [0x00000000eb400000, 0x00000000ec900000, 0x0000000100000000)
  eden space 16384K, 0% used [0x00000000eb400000,0x00000000eb400000,0x00000000ec400000)
  from space 2560K, 99% used [0x00000000ec680000,0x00000000ec8fb5d0,0x00000000ec900000)
  to   space 2560K, 0% used [0x00000000ec400000,0x00000000ec400000,0x00000000ec680000)
 ParOldGen       total 44032K, used 1390K [0x00000000c1c00000, 0x00000000c4700000, 0x00000000eb400000)
  object space 44032K, 3% used [0x00000000c1c00000,0x00000000c1d5b9b0,0x00000000c4700000)
 Metaspace       used 8693K, capacity 8828K, committed 9088K, reserved 1056768K
  class space    used 1041K, capacity 1112K, committed 1152K, reserved 1048576K
}
Event: 1.936 GC heap before
{Heap before GC invocations=3 (full 0):
 PSYoungGen      total 18944K, used 18901K [0x00000000eb400000, 0x00000000ec900000, 0x0000000100000000)
  eden space 16384K, 99% used [0x00000000eb400000,0x00000000ec3fa200,0x00000000ec400000)
  from space 2560K, 99% used [0x00000000ec680000,0x00000000ec8fb5d0,0x00000000ec900000)
  to   space 2560K, 0% used [0x00000000ec400000,0x00000000ec400000,0x00000000ec680000)
 ParOldGen       total 44032K, used 1390K [0x00000000c1c00000, 0x00000000c4700000, 0x00000000eb400000)
  object space 44032K, 3% used [0x00000000c1c00000,0x00000000c1d5b9b0,0x00000000c4700000)
 Metaspace       used 9554K, capacity 9708K, committed 9984K, reserved 1058816K
  class space    used 1157K, capacity 1211K, committed 1280K, reserved 1048576K
Event: 1.941 GC heap after
Heap after GC invocations=3 (full 0):
 PSYoungGen      total 18944K, used 2543K [0x00000000eb400000, 0x00000000ec900000, 0x0000000100000000)
  eden space 16384K, 0% used [0x00000000eb400000,0x00000000eb400000,0x00000000ec400000)
  from space 2560K, 99% used [0x00000000ec400000,0x00000000ec67be60,0x00000000ec680000)
  to   space 2560K, 0% used [0x00000000ec680000,0x00000000ec680000,0x00000000ec900000)
 ParOldGen       total 44032K, used 2472K [0x00000000c1c00000, 0x00000000c4700000, 0x00000000eb400000)
  object space 44032K, 5% used [0x00000000c1c00000,0x00000000c1e6a2b0,0x00000000c4700000)
 Metaspace       used 9554K, capacity 9708K, committed 9984K, reserved 1058816K
  class space    used 1157K, capacity 1211K, committed 1280K, reserved 1048576K
}
Event: 2.175 GC heap before
{Heap before GC invocations=4 (full 0):
 PSYoungGen      total 18944K, used 18927K [0x00000000eb400000, 0x00000000ec900000, 0x0000000100000000)
  eden space 16384K, 100% used [0x00000000eb400000,0x00000000ec400000,0x00000000ec400000)
  from space 2560K, 99% used [0x00000000ec400000,0x00000000ec67be60,0x00000000ec680000)
  to   space 2560K, 0% used [0x00000000ec680000,0x00000000ec680000,0x00000000ec900000)
 ParOldGen       total 44032K, used 2472K [0x00000000c1c00000, 0x00000000c4700000, 0x00000000eb400000)
  object space 44032K, 5% used [0x00000000c1c00000,0x00000000c1e6a2b0,0x00000000c4700000)
 Metaspace       used 10989K, capacity 11202K, committed 11520K, reserved 1058816K
  class space    used 1348K, capacity 1411K, committed 1536K, reserved 1048576K
Event: 2.182 GC heap after
Heap after GC invocations=4 (full 0):
 PSYoungGen      total 18944K, used 2544K [0x00000000eb400000, 0x00000000ec900000, 0x0000000100000000)
  eden space 16384K, 0% used [0x00000000eb400000,0x00000000eb400000,0x00000000ec400000)
  from space 2560K, 99% used [0x00000000ec680000,0x00000000ec8fc010,0x00000000ec900000)
  to   space 2560K, 0% used [0x00000000ec400000,0x00000000ec400000,0x00000000ec680000)
 ParOldGen       total 44032K, used 4177K [0x00000000c1c00000, 0x00000000c4700000, 0x00000000eb400000)
  object space 44032K, 9% used [0x00000000c1c00000,0x00000000c2014500,0x00000000c4700000)
 Metaspace       used 10989K, capacity 11202K, committed 11520K, reserved 1058816K
  class space    used 1348K, capacity 1411K, committed 1536K, reserved 1048576K
}
Event: 2.500 GC heap before
{Heap before GC invocations=5 (full 0):
 PSYoungGen      total 18944K, used 18928K [0x00000000eb400000, 0x00000000ec900000, 0x0000000100000000)
  eden space 16384K, 100% used [0x00000000eb400000,0x00000000ec400000,0x00000000ec400000)
  from space 2560K, 99% used [0x00000000ec680000,0x00000000ec8fc010,0x00000000ec900000)
  to   space 2560K, 0% used [0x00000000ec400000,0x00000000ec400000,0x00000000ec680000)
 ParOldGen       total 44032K, used 4177K [0x00000000c1c00000, 0x00000000c4700000, 0x00000000eb400000)
  object space 44032K, 9% used [0x00000000c1c00000,0x00000000c2014500,0x00000000c4700000)
 Metaspace       used 12618K, capacity 12856K, committed 13184K, reserved 1060864K
  class space    used 1563K, capacity 1639K, committed 1664K, reserved 1048576K
Event: 2.506 GC heap after
Heap after GC invocations=5 (full 0):
 PSYoungGen      total 18944K, used 2544K [0x00000000eb400000, 0x00000000ec900000, 0x0000000100000000)
  eden space 16384K, 0% used [0x00000000eb400000,0x00000000eb400000,0x00000000ec400000)
  from space 2560K, 99% used [0x00000000ec400000,0x00000000ec67c010,0x00000000ec680000)
  to   space 2560K, 0% used [0x00000000ec680000,0x00000000ec680000,0x00000000ec900000)
 ParOldGen       total 44032K, used 6330K [0x00000000c1c00000, 0x00000000c4700000, 0x00000000eb400000)
  object space 44032K, 14% used [0x00000000c1c00000,0x00000000c222eba0,0x00000000c4700000)
 Metaspace       used 12618K, capacity 12856K, committed 13184K, reserved 1060864K
  class space    used 1563K, capacity 1639K, committed 1664K, reserved 1048576K
}

Deoptimization events (10 events):
Event: 1.433 Thread 0x00000000025f2800 Uncommon trap: reason=unstable_if action=reinterpret pc=0x000000000297ae48 method=java.util.HashMap.getNode(ILjava/lang/Object;)Ljava/util/HashMap$Node; @ 129
Event: 1.518 Thread 0x00000000025f2800 Uncommon trap: reason=unstable_if action=reinterpret pc=0x00000000029b8bf4 method=sun.nio.cs.StreamDecoder.implRead([CII)I @ 71
Event: 1.572 Thread 0x00000000025f2800 Uncommon trap: reason=unstable_if action=reinterpret pc=0x00000000029b3248 method=java.io.Reader.read()I @ 12
Event: 1.607 Thread 0x00000000025f2800 Uncommon trap: reason=unstable_if action=reinterpret pc=0x00000000029bda30 method=sun.nio.cs.StreamDecoder.implRead([CII)I @ 71
Event: 1.708 Thread 0x00000000025f2800 Uncommon trap: reason=unstable_if action=reinterpret pc=0x00000000029ea06c method=sun.nio.cs.StreamDecoder.implRead([CII)I @ 197
Event: 1.711 Thread 0x00000000025f2800 Uncommon trap: reason=unstable_if action=reinterpret pc=0x00000000029ee6bc method=org.codehaus.plexus.util.xml.pull.MXParser.nextImpl()I @ 241
Event: 1.867 Thread 0x00000000025f2800 Uncommon trap: reason=unstable_if action=reinterpret pc=0x0000000002983144 method=java.util.HashMap.getNode(ILjava/lang/Object;)Ljava/util/HashMap$Node; @ 129
Event: 1.948 Thread 0x00000000025f2800 Uncommon trap: reason=range_check action=make_not_entrant pc=0x0000000002a586a0 method=sun.reflect.generics.parser.SignatureParser.current()C @ 34
Event: 2.982 Thread 0x00000000025f2800 Uncommon trap: reason=null_check action=make_not_entrant pc=0x0000000002809de8 method=java.lang.String.equals(Ljava/lang/Object;)Z @ 8
Event: 3.127 Thread 0x00000000025f2800 Uncommon trap: reason=unstable_if action=reinterpret pc=0x0000000002a5e774 method=org.codehaus.plexus.util.xml.pull.MXParser.parseStartTag()I @ 443

Classes redefined (0 events):
No events

Internal exceptions (10 events):
Event: 1.753 Thread 0x00000000025f2800 Exception <a 'java/lang/ArrayIndexOutOfBoundsException'> (0x00000000ebba6640) thrown at [C:\re\workspace\8-2-build-windows-amd64-cygwin\jdk8u161\10277\hotspot\src\share\vm\runtime\sharedRuntime.cpp, line 605]
Event: 1.754 Thread 0x00000000025f2800 Exception <a 'java/lang/ArrayIndexOutOfBoundsException'> (0x00000000ebbaaf88) thrown at [C:\re\workspace\8-2-build-windows-amd64-cygwin\jdk8u161\10277\hotspot\src\share\vm\runtime\sharedRuntime.cpp, line 605]
Event: 1.861 Thread 0x00000000025f2800 Exception <a 'java/lang/ArrayIndexOutOfBoundsException'> (0x00000000ebed5938) thrown at [C:\re\workspace\8-2-build-windows-amd64-cygwin\jdk8u161\10277\hotspot\src\share\vm\runtime\sharedRuntime.cpp, line 605]
Event: 1.882 Thread 0x00000000025f2800 Exception <a 'java/lang/ArrayIndexOutOfBoundsException'> (0x00000000ebfbf698) thrown at [C:\re\workspace\8-2-build-windows-amd64-cygwin\jdk8u161\10277\hotspot\src\share\vm\runtime\sharedRuntime.cpp, line 605]
Event: 1.948 Thread 0x00000000025f2800 Exception <a 'java/lang/ArrayIndexOutOfBoundsException': 85> (0x00000000eb48ee28) thrown at [C:\re\workspace\8-2-build-windows-amd64-cygwin\jdk8u161\10277\hotspot\src\share\vm\interpreter\interpreterRuntime.cpp, line 366]
Event: 1.948 Thread 0x00000000025f2800 Exception <a 'java/lang/ArrayIndexOutOfBoundsException': 40> (0x00000000eb48fca8) thrown at [C:\re\workspace\8-2-build-windows-amd64-cygwin\jdk8u161\10277\hotspot\src\share\vm\interpreter\interpreterRuntime.cpp, line 366]
Event: 2.754 Thread 0x00000000025f2800 Exception <a 'java/lang/NoClassDefFoundError': com/google/inject/servlet/ServletModuleTargetVisitor> (0x00000000ebbefd38) thrown at [C:\re\workspace\8-2-build-windows-amd64-cygwin\jdk8u161\10277\hotspot\src\share\vm\classfile\systemDictionary.cpp, line 19
Event: 2.754 Thread 0x00000000025f2800 Exception <a 'java/lang/NoClassDefFoundError'> (0x00000000ebbefd38) thrown at [C:\re\workspace\8-2-build-windows-amd64-cygwin\jdk8u161\10277\hotspot\src\share\vm\prims\jvm.cpp, line 1394]
Event: 2.754 Thread 0x00000000025f2800 Exception <a 'java/lang/NoClassDefFoundError': javax/annotation/Priority> (0x00000000ebbf5368) thrown at [C:\re\workspace\8-2-build-windows-amd64-cygwin\jdk8u161\10277\hotspot\src\share\vm\classfile\systemDictionary.cpp, line 199]
Event: 2.982 Thread 0x00000000025f2800 Implicit null exception at 0x0000000002809c15 to 0x0000000002809dd9

Events (10 events):
Event: 3.184 loading class org/apache/maven/toolchain/model/io/xpp3/MavenToolchainsXpp3Reader$1 done
Event: 3.187 loading class org/apache/maven/toolchain/building/DefaultToolchainsBuildingResult
Event: 3.187 loading class org/apache/maven/toolchain/building/DefaultToolchainsBuildingResult done
Event: 3.191 loading class org/apache/maven/cli/transfer/ConsoleMavenTransferListener
Event: 3.191 loading class org/apache/maven/cli/transfer/ConsoleMavenTransferListener done
Event: 3.192 loading class org/apache/maven/cli/transfer/AbstractMavenTransferListener
Event: 3.192 loading class org/apache/maven/cli/transfer/AbstractMavenTransferListener done
Event: 3.193 loading class org/eclipse/aether/transfer/AbstractTransferListener
Event: 3.193 loading class org/eclipse/aether/transfer/AbstractTransferListener done
Event: 3.194 loading class java/util/Collections$SynchronizedMap


Dynamic libraries:
0x00007ff7027f0000 - 0x00007ff702827000 	C:\Program Files\Java\jdk1.8.0_161\bin\java.exe
0x00007ffc42300000 - 0x00007ffc424f0000 	C:\WINDOWS\SYSTEM32\ntdll.dll
0x00007ffc41450000 - 0x00007ffc41502000 	C:\WINDOWS\System32\KERNEL32.DLL
0x00007ffc3fbe0000 - 0x00007ffc3fe83000 	C:\WINDOWS\System32\KERNELBASE.dll
0x00007ffc40570000 - 0x00007ffc40613000 	C:\WINDOWS\System32\ADVAPI32.dll
0x00007ffc40620000 - 0x00007ffc406be000 	C:\WINDOWS\System32\msvcrt.dll
0x00007ffc403b0000 - 0x00007ffc40447000 	C:\WINDOWS\System32\sechost.dll
0x00007ffc40450000 - 0x00007ffc40570000 	C:\WINDOWS\System32\RPCRT4.dll
0x00007ffc41cf0000 - 0x00007ffc41e84000 	C:\WINDOWS\System32\USER32.dll
0x00007ffc40380000 - 0x00007ffc403a1000 	C:\WINDOWS\System32\win32u.dll
0x00007ffc41f60000 - 0x00007ffc41f86000 	C:\WINDOWS\System32\GDI32.dll
0x00007ffc3ff90000 - 0x00007ffc40124000 	C:\WINDOWS\System32\gdi32full.dll
0x00007ffc3f290000 - 0x00007ffc3f32e000 	C:\WINDOWS\System32\msvcp_win.dll
0x00007ffc3fe90000 - 0x00007ffc3ff8a000 	C:\WINDOWS\System32\ucrtbase.dll
0x00007ffc2dbe0000 - 0x00007ffc2de65000 	C:\WINDOWS\WinSxS\amd64_microsoft.windows.common-controls_6595b64144ccf1df_6.0.18362.657_none_e6c5b579130e3898\COMCTL32.dll
0x00007ffc41900000 - 0x00007ffc41c36000 	C:\WINDOWS\System32\combase.dll
0x00007ffc3f380000 - 0x00007ffc3f400000 	C:\WINDOWS\System32\bcryptPrimitives.dll
0x00007ffc406c0000 - 0x00007ffc406ee000 	C:\WINDOWS\System32\IMM32.DLL
0x000000006a8e0000 - 0x000000006a9b2000 	C:\Program Files\Java\jdk1.8.0_161\jre\bin\msvcr100.dll
0x000000006a040000 - 0x000000006a8df000 	C:\Program Files\Java\jdk1.8.0_161\jre\bin\server\jvm.dll
0x00007ffc41f90000 - 0x00007ffc41f98000 	C:\WINDOWS\System32\PSAPI.DLL
0x00007ffc35260000 - 0x00007ffc35284000 	C:\WINDOWS\SYSTEM32\WINMM.dll
0x00007ffc39fc0000 - 0x00007ffc39fca000 	C:\WINDOWS\SYSTEM32\VERSION.dll
0x00007ffc32d10000 - 0x00007ffc32d19000 	C:\WINDOWS\SYSTEM32\WSOCK32.dll
0x00007ffc416e0000 - 0x00007ffc4174f000 	C:\WINDOWS\System32\WS2_32.dll
0x00007ffc35230000 - 0x00007ffc3525d000 	C:\WINDOWS\SYSTEM32\winmmbase.dll
0x00007ffc3f330000 - 0x00007ffc3f37a000 	C:\WINDOWS\System32\cfgmgr32.dll
0x000000006bb50000 - 0x000000006bb5f000 	C:\Program Files\Java\jdk1.8.0_161\jre\bin\verify.dll
0x000000006a010000 - 0x000000006a039000 	C:\Program Files\Java\jdk1.8.0_161\jre\bin\java.dll
0x0000000069b10000 - 0x0000000069b33000 	C:\Program Files\Java\jdk1.8.0_161\jre\bin\instrument.dll
0x0000000069fb0000 - 0x0000000069fc6000 	C:\Program Files\Java\jdk1.8.0_161\jre\bin\zip.dll
0x00007ffc40750000 - 0x00007ffc40e35000 	C:\WINDOWS\System32\SHELL32.dll
0x00007ffc41c40000 - 0x00007ffc41ce9000 	C:\WINDOWS\System32\shcore.dll
0x00007ffc3f400000 - 0x00007ffc3fb7f000 	C:\WINDOWS\System32\windows.storage.dll
0x00007ffc3f200000 - 0x00007ffc3f21f000 	C:\WINDOWS\System32\profapi.dll
0x00007ffc3f220000 - 0x00007ffc3f26a000 	C:\WINDOWS\System32\powrprof.dll
0x00007ffc3f1d0000 - 0x00007ffc3f1e0000 	C:\WINDOWS\System32\UMPDC.dll
0x00007ffc41520000 - 0x00007ffc41572000 	C:\WINDOWS\System32\shlwapi.dll
0x00007ffc3f1e0000 - 0x00007ffc3f1f1000 	C:\WINDOWS\System32\kernel.appcore.dll
0x00007ffc40160000 - 0x00007ffc40177000 	C:\WINDOWS\System32\cryptsp.dll
0x00007ffc30310000 - 0x00007ffc3032a000 	C:\Program Files\JetBrains\IntelliJ IDEA Community Edition 2019.1.3\bin\breakgen64.dll
0x0000000069f60000 - 0x0000000069f7a000 	C:\Program Files\Java\jdk1.8.0_161\jre\bin\net.dll
0x00007ffc3ea40000 - 0x00007ffc3eaa7000 	C:\WINDOWS\system32\mswsock.dll
0x00007ffc3e5b0000 - 0x00007ffc3e5e3000 	C:\WINDOWS\system32\rsaenh.dll
0x00007ffc40130000 - 0x00007ffc40156000 	C:\WINDOWS\System32\bcrypt.dll
0x00007ffc3f0f0000 - 0x00007ffc3f115000 	C:\WINDOWS\SYSTEM32\USERENV.dll
0x00007ffc3ec10000 - 0x00007ffc3ec1c000 	C:\WINDOWS\SYSTEM32\CRYPTBASE.dll
0x00007ffc3e750000 - 0x00007ffc3e78a000 	C:\WINDOWS\SYSTEM32\IPHLPAPI.DLL
0x00007ffc42020000 - 0x00007ffc42028000 	C:\WINDOWS\System32\NSI.dll
0x00007ffc39e20000 - 0x00007ffc39e36000 	C:\WINDOWS\SYSTEM32\dhcpcsvc6.DLL
0x00007ffc39e00000 - 0x00007ffc39e1c000 	C:\WINDOWS\SYSTEM32\dhcpcsvc.DLL
0x00007ffc3e7e0000 - 0x00007ffc3e8aa000 	C:\WINDOWS\SYSTEM32\DNSAPI.dll
0x0000000069f40000 - 0x0000000069f51000 	C:\Program Files\Java\jdk1.8.0_161\jre\bin\nio.dll
0x00007ffc35930000 - 0x00007ffc3593a000 	C:\Users\Tudor\AppData\Local\Temp\jansi-1.17.1-6534871984210327232.dll
0x00007ffc35140000 - 0x00007ffc3514a000 	C:\Users\Tudor\AppData\Local\Temp\jansi-1.17.1-4943241045857708906.dll

VM Arguments:
jvm_args: -Dmaven.multiModuleProjectDirectory=C:\Users\Tudor\Desktop\Proiecte\Portofoliu\TripApp with Servlets and Jsp -Dmaven.home=C:\Program Files\JetBrains\IntelliJ IDEA Community Edition 2019.1.3\plugins\maven\lib\maven3 -Dclassworlds.conf=C:\Program Files\JetBrains\IntelliJ IDEA Community Edition 2019.1.3\plugins\maven\lib\maven3\bin\m2.conf -Dmaven.ext.class.path=C:\Program Files\JetBrains\IntelliJ IDEA Community Edition 2019.1.3\plugins\maven\lib\maven-event-listener.jar -javaagent:C:\Program Files\JetBrains\IntelliJ IDEA Community Edition 2019.1.3\lib\idea_rt.jar=60223:C:\Program Files\JetBrains\IntelliJ IDEA Community Edition 2019.1.3\bin -Dfile.encoding=UTF-8 
java_command: org.codehaus.classworlds.Launcher -Didea.version2019.2.4 package
java_class_path (initial): C:\Program Files\JetBrains\IntelliJ IDEA Community Edition 2019.1.3\plugins\maven\lib\maven3\boot\plexus-classworlds-2.6.0.jar;C:\Program Files\JetBrains\IntelliJ IDEA Community Edition 2019.1.3\lib\idea_rt.jar
Launcher Type: SUN_STANDARD

Environment Variables:
JAVA_HOME=C:\Program Files\Java\jdk1.8.0_161
PATH=C:\ProgramData\Oracle\Java\javapath;C:\Program Files (x86)\Common Files\Oracle\Java\javapath;C:\Program Files (x86)\Intel\iCLS Client\;C:\Program Files\Intel\iCLS Client\;C:\WINDOWS\system32;C:\WINDOWS;C:\WINDOWS\System32\Wbem;C:\WINDOWS\System32\WindowsPowerShell\v1.0\;C:\Program Files (x86)\Intel\Intel(R) Management Engine Components\DAL;C:\Program Files\Intel\Intel(R) Management Engine Components\DAL;C:\Program Files (x86)\Intel\Intel(R) Management Engine Components\IPT;C:\Program Files\Intel\Intel(R) Management Engine Components\IPT;C:\WINDOWS\System32\OpenSSH\;C:\Program Files\Geth;C:\Program Files\nodejs\;C:\Program Files\Java\jdk1.8.0_161\bin;C:\Program Files\Git\cmd;C:\Users\Tudor\AppData\Local\Microsoft\WindowsApps;D:\Programare Blockchain\VisualStudioCode\bin;C:\Users\Tudor\AppData\Roaming\npm;
USERNAME=Tudor
OS=Windows_NT
PROCESSOR_IDENTIFIER=Intel64 Family 6 Model 78 Stepping 3, GenuineIntel



---------------  S Y S T E M  ---------------

OS: Windows 10.0 , 64 bit Build 18362 (10.0.18362.329)

CPU:total 4 (initial active 4) (2 cores per cpu, 2 threads per core) family 6 model 78 stepping 3, cmov, cx8, fxsr, mmx, sse, sse2, sse3, ssse3, sse4.1, sse4.2, popcnt, avx, avx2, aes, clmul, erms, 3dnowpref, lzcnt, ht, tsc, tscinvbit, bmi1, bmi2, adx

Memory: 4k page, physical 4072876k(342048k free), swap 10364332k(4216k free)

vm_info: Java HotSpot(TM) 64-Bit Server VM (25.161-b12) for windows-amd64 JRE (1.8.0_161-b12), built on Dec 19 2017 17:52:25 by "java_re" with MS VC++ 10.0 (VS2010)

time: Tue Mar 03 19:59:41 2020
elapsed time: 3 seconds (0d 0h 0m 3s)

